{"D:\\_STUDY_\\INFORMATICA\\EJEMPLOS\\FullStackOpenCourse\\part4\\bloglist\\src\\app.js": {"path":"D:\\_STUDY_\\INFORMATICA\\EJEMPLOS\\FullStackOpenCourse\\part4\\bloglist\\src\\app.js","statementMap":{"0":{"start":{"line":1,"column":13},"end":{"line":1,"column":28}},"1":{"start":{"line":2,"column":26},"end":{"line":2,"column":45}},"2":{"start":{"line":3,"column":16},"end":{"line":3,"column":34}},"3":{"start":{"line":4,"column":0},"end":{"line":4,"column":31}},"4":{"start":{"line":5,"column":12},"end":{"line":5,"column":21}},"5":{"start":{"line":6,"column":13},"end":{"line":6,"column":28}},"6":{"start":{"line":7,"column":17},"end":{"line":7,"column":36}},"7":{"start":{"line":8,"column":19},"end":{"line":8,"column":54}},"8":{"start":{"line":9,"column":19},"end":{"line":9,"column":54}},"9":{"start":{"line":10,"column":19},"end":{"line":10,"column":55}},"10":{"start":{"line":11,"column":23},"end":{"line":11,"column":52}},"11":{"start":{"line":13,"column":0},"end":{"line":13,"column":27}},"12":{"start":{"line":15,"column":0},"end":{"line":15,"column":15}},"13":{"start":{"line":16,"column":0},"end":{"line":16,"column":23}},"14":{"start":{"line":17,"column":0},"end":{"line":17,"column":33}},"15":{"start":{"line":18,"column":0},"end":{"line":18,"column":33}},"16":{"start":{"line":19,"column":0},"end":{"line":19,"column":33}},"17":{"start":{"line":20,"column":0},"end":{"line":20,"column":21}},"18":{"start":{"line":22,"column":0},"end":{"line":22,"column":20}}},"fnMap":{},"branchMap":{},"s":{"0":2,"1":2,"2":2,"3":2,"4":2,"5":2,"6":2,"7":2,"8":2,"9":2,"10":2,"11":2,"12":2,"13":2,"14":2,"15":2,"16":2,"17":2,"18":2},"f":{},"b":{},"_coverageSchema":"1a1c01bbd47fc00a2c39e90264f33305004495a9","hash":"13dde946d17c73d2cbd9cd0107841bb0275a3cf0"}
,"D:\\_STUDY_\\INFORMATICA\\EJEMPLOS\\FullStackOpenCourse\\part4\\bloglist\\src\\config.js": {"path":"D:\\_STUDY_\\INFORMATICA\\EJEMPLOS\\FullStackOpenCourse\\part4\\bloglist\\src\\config.js","statementMap":{"0":{"start":{"line":1,"column":0},"end":{"line":1,"column":26}},"1":{"start":{"line":3,"column":11},"end":{"line":3,"column":27}},"2":{"start":{"line":4,"column":18},"end":{"line":4,"column":105}},"3":{"start":{"line":5,"column":19},"end":{"line":5,"column":41}},"4":{"start":{"line":7,"column":0},"end":{"line":9,"column":1}}},"fnMap":{},"branchMap":{"0":{"loc":{"start":{"line":4,"column":18},"end":{"line":4,"column":105}},"type":"cond-expr","locations":[{"start":{"line":4,"column":52},"end":{"line":4,"column":80}},{"start":{"line":4,"column":83},"end":{"line":4,"column":105}}],"line":4}},"s":{"0":2,"1":2,"2":2,"3":2,"4":2},"f":{},"b":{"0":[2,0]},"_coverageSchema":"1a1c01bbd47fc00a2c39e90264f33305004495a9","hash":"b8606426316a401b9ffa2f84845d0fac802774f6"}
,"D:\\_STUDY_\\INFORMATICA\\EJEMPLOS\\FullStackOpenCourse\\part4\\bloglist\\src\\controllers\\blogRoutes.js": {"path":"D:\\_STUDY_\\INFORMATICA\\EJEMPLOS\\FullStackOpenCourse\\part4\\bloglist\\src\\controllers\\blogRoutes.js","statementMap":{"0":{"start":{"line":1,"column":14},"end":{"line":1,"column":41}},"1":{"start":{"line":2,"column":13},"end":{"line":2,"column":43}},"2":{"start":{"line":3,"column":18},"end":{"line":3,"column":48}},"3":{"start":{"line":4,"column":26},"end":{"line":4,"column":56}},"4":{"start":{"line":6,"column":0},"end":{"line":12,"column":2}},"5":{"start":{"line":8,"column":16},"end":{"line":10,"column":4}},"6":{"start":{"line":11,"column":2},"end":{"line":11,"column":22}},"7":{"start":{"line":15,"column":0},"end":{"line":30,"column":2}},"8":{"start":{"line":16,"column":19},"end":{"line":16,"column":31}},"9":{"start":{"line":18,"column":15},"end":{"line":21,"column":4}},"10":{"start":{"line":22,"column":24},"end":{"line":22,"column":41}},"11":{"start":{"line":24,"column":2},"end":{"line":27,"column":3}},"12":{"start":{"line":29,"column":2},"end":{"line":29,"column":42}},"13":{"start":{"line":32,"column":0},"end":{"line":45,"column":2}},"14":{"start":{"line":33,"column":19},"end":{"line":33,"column":31}},"15":{"start":{"line":34,"column":23},"end":{"line":34,"column":61}},"16":{"start":{"line":35,"column":2},"end":{"line":37,"column":3}},"17":{"start":{"line":36,"column":4},"end":{"line":36,"column":30}},"18":{"start":{"line":38,"column":2},"end":{"line":40,"column":3}},"19":{"start":{"line":39,"column":4},"end":{"line":39,"column":90}},"20":{"start":{"line":42,"column":2},"end":{"line":42,"column":49}},"21":{"start":{"line":43,"column":2},"end":{"line":43,"column":44}},"22":{"start":{"line":47,"column":0},"end":{"line":50,"column":2}},"23":{"start":{"line":48,"column":15},"end":{"line":48,"column":76}},"24":{"start":{"line":49,"column":2},"end":{"line":49,"column":33}},"25":{"start":{"line":52,"column":0},"end":{"line":52,"column":22}}},"fnMap":{"0":{"name":"(anonymous_0)","decl":{"start":{"line":6,"column":15},"end":{"line":6,"column":16}},"loc":{"start":{"line":6,"column":44},"end":{"line":12,"column":1}},"line":6},"1":{"name":"(anonymous_1)","decl":{"start":{"line":15,"column":31},"end":{"line":15,"column":32}},"loc":{"start":{"line":15,"column":60},"end":{"line":30,"column":1}},"line":15},"2":{"name":"(anonymous_2)","decl":{"start":{"line":32,"column":36},"end":{"line":32,"column":37}},"loc":{"start":{"line":32,"column":65},"end":{"line":45,"column":1}},"line":32},"3":{"name":"(anonymous_3)","decl":{"start":{"line":47,"column":18},"end":{"line":47,"column":19}},"loc":{"start":{"line":47,"column":47},"end":{"line":50,"column":1}},"line":47}},"branchMap":{"0":{"loc":{"start":{"line":35,"column":2},"end":{"line":37,"column":3}},"type":"if","locations":[{"start":{"line":35,"column":2},"end":{"line":37,"column":3}},{"start":{},"end":{}}],"line":35},"1":{"loc":{"start":{"line":38,"column":2},"end":{"line":40,"column":3}},"type":"if","locations":[{"start":{"line":38,"column":2},"end":{"line":40,"column":3}},{"start":{},"end":{}}],"line":38},"2":{"loc":{"start":{"line":38,"column":5},"end":{"line":38,"column":81}},"type":"binary-expr","locations":[{"start":{"line":38,"column":5},"end":{"line":38,"column":22}},{"start":{"line":38,"column":26},"end":{"line":38,"column":81}}],"line":38}},"s":{"0":2,"1":2,"2":2,"3":2,"4":2,"5":3,"6":3,"7":2,"8":7,"9":7,"10":7,"11":5,"12":5,"13":2,"14":5,"15":5,"16":4,"17":1,"18":4,"19":0,"20":3,"21":3,"22":2,"23":0,"24":0,"25":2},"f":{"0":3,"1":7,"2":5,"3":0},"b":{"0":[1,3],"1":[0,3],"2":[4,0]},"_coverageSchema":"1a1c01bbd47fc00a2c39e90264f33305004495a9","hash":"ac2a52cf38b00e451e4914b83683a6a6ce040b06"}
,"D:\\_STUDY_\\INFORMATICA\\EJEMPLOS\\FullStackOpenCourse\\part4\\bloglist\\src\\controllers\\loginRouter.js": {"path":"D:\\_STUDY_\\INFORMATICA\\EJEMPLOS\\FullStackOpenCourse\\part4\\bloglist\\src\\controllers\\loginRouter.js","statementMap":{"0":{"start":{"line":1,"column":14},"end":{"line":1,"column":41}},"1":{"start":{"line":2,"column":12},"end":{"line":2,"column":35}},"2":{"start":{"line":3,"column":15},"end":{"line":3,"column":32}},"3":{"start":{"line":4,"column":18},"end":{"line":4,"column":48}},"4":{"start":{"line":5,"column":13},"end":{"line":5,"column":43}},"5":{"start":{"line":6,"column":21},"end":{"line":6,"column":41}},"6":{"start":{"line":9,"column":0},"end":{"line":31,"column":2}},"7":{"start":{"line":10,"column":31},"end":{"line":10,"column":43}},"8":{"start":{"line":11,"column":15},"end":{"line":11,"column":50}},"9":{"start":{"line":12,"column":2},"end":{"line":14,"column":3}},"10":{"start":{"line":13,"column":4},"end":{"line":13,"column":75}},"11":{"start":{"line":15,"column":19},"end":{"line":15,"column":32}},"12":{"start":{"line":16,"column":17},"end":{"line":16,"column":57}},"13":{"start":{"line":17,"column":2},"end":{"line":19,"column":3}},"14":{"start":{"line":18,"column":4},"end":{"line":18,"column":75}},"15":{"start":{"line":21,"column":16},"end":{"line":24,"column":16}},"16":{"start":{"line":26,"column":2},"end":{"line":28,"column":4}},"17":{"start":{"line":33,"column":0},"end":{"line":33,"column":22}}},"fnMap":{"0":{"name":"(anonymous_0)","decl":{"start":{"line":9,"column":16},"end":{"line":9,"column":17}},"loc":{"start":{"line":9,"column":45},"end":{"line":31,"column":1}},"line":9}},"branchMap":{"0":{"loc":{"start":{"line":12,"column":2},"end":{"line":14,"column":3}},"type":"if","locations":[{"start":{"line":12,"column":2},"end":{"line":14,"column":3}},{"start":{},"end":{}}],"line":12},"1":{"loc":{"start":{"line":17,"column":2},"end":{"line":19,"column":3}},"type":"if","locations":[{"start":{"line":17,"column":2},"end":{"line":19,"column":3}},{"start":{},"end":{}}],"line":17}},"s":{"0":2,"1":2,"2":2,"3":2,"4":2,"5":2,"6":2,"7":0,"8":0,"9":0,"10":0,"11":0,"12":0,"13":0,"14":0,"15":0,"16":0,"17":2},"f":{"0":0},"b":{"0":[0,0],"1":[0,0]},"_coverageSchema":"1a1c01bbd47fc00a2c39e90264f33305004495a9","hash":"d32f147239df15c5ae80f3afaf6e797e83cc8034"}
,"D:\\_STUDY_\\INFORMATICA\\EJEMPLOS\\FullStackOpenCourse\\part4\\bloglist\\src\\controllers\\userRoutes.js": {"path":"D:\\_STUDY_\\INFORMATICA\\EJEMPLOS\\FullStackOpenCourse\\part4\\bloglist\\src\\controllers\\userRoutes.js","statementMap":{"0":{"start":{"line":1,"column":14},"end":{"line":1,"column":41}},"1":{"start":{"line":2,"column":15},"end":{"line":2,"column":32}},"2":{"start":{"line":3,"column":18},"end":{"line":3,"column":48}},"3":{"start":{"line":5,"column":0},"end":{"line":12,"column":2}},"4":{"start":{"line":6,"column":16},"end":{"line":10,"column":4}},"5":{"start":{"line":11,"column":2},"end":{"line":11,"column":30}},"6":{"start":{"line":14,"column":0},"end":{"line":36,"column":2}},"7":{"start":{"line":15,"column":37},"end":{"line":15,"column":45}},"8":{"start":{"line":16,"column":2},"end":{"line":18,"column":3}},"9":{"start":{"line":17,"column":4},"end":{"line":17,"column":61}},"10":{"start":{"line":19,"column":2},"end":{"line":21,"column":3}},"11":{"start":{"line":20,"column":4},"end":{"line":20,"column":65}},"12":{"start":{"line":22,"column":2},"end":{"line":28,"column":3}},"13":{"start":{"line":27,"column":6},"end":{"line":27,"column":95}},"14":{"start":{"line":30,"column":21},"end":{"line":30,"column":52}},"15":{"start":{"line":31,"column":18},"end":{"line":33,"column":4}},"16":{"start":{"line":34,"column":15},"end":{"line":34,"column":35}},"17":{"start":{"line":35,"column":2},"end":{"line":35,"column":29}},"18":{"start":{"line":38,"column":0},"end":{"line":38,"column":22}}},"fnMap":{"0":{"name":"(anonymous_0)","decl":{"start":{"line":5,"column":14},"end":{"line":5,"column":15}},"loc":{"start":{"line":5,"column":35},"end":{"line":12,"column":1}},"line":5},"1":{"name":"(anonymous_1)","decl":{"start":{"line":14,"column":16},"end":{"line":14,"column":17}},"loc":{"start":{"line":14,"column":37},"end":{"line":36,"column":1}},"line":14}},"branchMap":{"0":{"loc":{"start":{"line":16,"column":2},"end":{"line":18,"column":3}},"type":"if","locations":[{"start":{"line":16,"column":2},"end":{"line":18,"column":3}},{"start":{},"end":{}}],"line":16},"1":{"loc":{"start":{"line":19,"column":2},"end":{"line":21,"column":3}},"type":"if","locations":[{"start":{"line":19,"column":2},"end":{"line":21,"column":3}},{"start":{},"end":{}}],"line":19},"2":{"loc":{"start":{"line":22,"column":2},"end":{"line":28,"column":3}},"type":"if","locations":[{"start":{"line":22,"column":2},"end":{"line":28,"column":3}},{"start":{},"end":{}}],"line":22},"3":{"loc":{"start":{"line":22,"column":5},"end":{"line":25,"column":23}},"type":"binary-expr","locations":[{"start":{"line":22,"column":5},"end":{"line":22,"column":14}},{"start":{"line":25,"column":4},"end":{"line":25,"column":23}}],"line":22}},"s":{"0":2,"1":2,"2":2,"3":2,"4":0,"5":0,"6":2,"7":4,"8":4,"9":0,"10":4,"11":0,"12":4,"13":1,"14":3,"15":3,"16":3,"17":1,"18":2},"f":{"0":0,"1":4},"b":{"0":[0,4],"1":[0,4],"2":[1,3],"3":[4,4]},"_coverageSchema":"1a1c01bbd47fc00a2c39e90264f33305004495a9","hash":"e4bbfcbe3d718c2458e64869198a0be5d7c0ae38"}
,"D:\\_STUDY_\\INFORMATICA\\EJEMPLOS\\FullStackOpenCourse\\part4\\bloglist\\src\\models\\blogModel.js": {"path":"D:\\_STUDY_\\INFORMATICA\\EJEMPLOS\\FullStackOpenCourse\\part4\\bloglist\\src\\models\\blogModel.js","statementMap":{"0":{"start":{"line":1,"column":31},"end":{"line":1,"column":50}},"1":{"start":{"line":3,"column":19},"end":{"line":31,"column":2}},"2":{"start":{"line":24,"column":34},"end":{"line":24,"column":37}},"3":{"start":{"line":25,"column":6},"end":{"line":28,"column":7}},"4":{"start":{"line":33,"column":13},"end":{"line":33,"column":38}},"5":{"start":{"line":35,"column":0},"end":{"line":35,"column":21}}},"fnMap":{"0":{"name":"(anonymous_0)","decl":{"start":{"line":23,"column":15},"end":{"line":23,"column":16}},"loc":{"start":{"line":23,"column":43},"end":{"line":29,"column":5}},"line":23}},"branchMap":{},"s":{"0":2,"1":2,"2":23,"3":23,"4":2,"5":2},"f":{"0":23},"b":{},"_coverageSchema":"1a1c01bbd47fc00a2c39e90264f33305004495a9","hash":"5f7bddba59fab06a510239ee6c8b4844a51fe34f"}
,"D:\\_STUDY_\\INFORMATICA\\EJEMPLOS\\FullStackOpenCourse\\part4\\bloglist\\src\\models\\userModel.js": {"path":"D:\\_STUDY_\\INFORMATICA\\EJEMPLOS\\FullStackOpenCourse\\part4\\bloglist\\src\\models\\userModel.js","statementMap":{"0":{"start":{"line":1,"column":17},"end":{"line":1,"column":36}},"1":{"start":{"line":2,"column":24},"end":{"line":2,"column":60}},"2":{"start":{"line":4,"column":19},"end":{"line":34,"column":2}},"3":{"start":{"line":27,"column":52},"end":{"line":27,"column":55}},"4":{"start":{"line":28,"column":6},"end":{"line":31,"column":7}},"5":{"start":{"line":36,"column":0},"end":{"line":36,"column":34}},"6":{"start":{"line":38,"column":18},"end":{"line":38,"column":52}},"7":{"start":{"line":39,"column":0},"end":{"line":39,"column":26}}},"fnMap":{"0":{"name":"(anonymous_0)","decl":{"start":{"line":26,"column":15},"end":{"line":26,"column":16}},"loc":{"start":{"line":26,"column":43},"end":{"line":32,"column":5}},"line":26}},"branchMap":{},"s":{"0":2,"1":2,"2":2,"3":1,"4":1,"5":2,"6":2,"7":2},"f":{"0":1},"b":{},"_coverageSchema":"1a1c01bbd47fc00a2c39e90264f33305004495a9","hash":"9783a98117c72a7dd081cc85b6aa1032d9a680dd"}
,"D:\\_STUDY_\\INFORMATICA\\EJEMPLOS\\FullStackOpenCourse\\part4\\bloglist\\src\\utils\\list_helper.js": {"path":"D:\\_STUDY_\\INFORMATICA\\EJEMPLOS\\FullStackOpenCourse\\part4\\bloglist\\src\\utils\\list_helper.js","statementMap":{"0":{"start":{"line":2,"column":14},"end":{"line":2,"column":24}},"1":{"start":{"line":2,"column":23},"end":{"line":2,"column":24}},"2":{"start":{"line":4,"column":19},"end":{"line":4,"column":77}},"3":{"start":{"line":4,"column":28},"end":{"line":4,"column":77}},"4":{"start":{"line":4,"column":56},"end":{"line":4,"column":73}},"5":{"start":{"line":6,"column":21},"end":{"line":12,"column":75}},"6":{"start":{"line":6,"column":30},"end":{"line":12,"column":75}},"7":{"start":{"line":7,"column":16},"end":{"line":11,"column":3}},"8":{"start":{"line":12,"column":25},"end":{"line":12,"column":68}},"9":{"start":{"line":14,"column":18},"end":{"line":28,"column":1}},"10":{"start":{"line":15,"column":14},"end":{"line":15,"column":16}},"11":{"start":{"line":16,"column":2},"end":{"line":24,"column":4}},"12":{"start":{"line":17,"column":4},"end":{"line":22,"column":5}},"13":{"start":{"line":18,"column":6},"end":{"line":21,"column":7}},"14":{"start":{"line":23,"column":4},"end":{"line":23,"column":30}},"15":{"start":{"line":26,"column":2},"end":{"line":27,"column":84}},"16":{"start":{"line":27,"column":29},"end":{"line":27,"column":76}},"17":{"start":{"line":30,"column":18},"end":{"line":43,"column":1}},"18":{"start":{"line":31,"column":14},"end":{"line":31,"column":16}},"19":{"start":{"line":32,"column":2},"end":{"line":40,"column":4}},"20":{"start":{"line":33,"column":4},"end":{"line":38,"column":5}},"21":{"start":{"line":34,"column":6},"end":{"line":37,"column":7}},"22":{"start":{"line":39,"column":4},"end":{"line":39,"column":41}},"23":{"start":{"line":41,"column":2},"end":{"line":42,"column":84}},"24":{"start":{"line":42,"column":29},"end":{"line":42,"column":76}},"25":{"start":{"line":45,"column":0},"end":{"line":51,"column":1}}},"fnMap":{"0":{"name":"(anonymous_0)","decl":{"start":{"line":2,"column":14},"end":{"line":2,"column":15}},"loc":{"start":{"line":2,"column":23},"end":{"line":2,"column":24}},"line":2},"1":{"name":"(anonymous_1)","decl":{"start":{"line":4,"column":19},"end":{"line":4,"column":20}},"loc":{"start":{"line":4,"column":28},"end":{"line":4,"column":77}},"line":4},"2":{"name":"(anonymous_2)","decl":{"start":{"line":4,"column":41},"end":{"line":4,"column":42}},"loc":{"start":{"line":4,"column":56},"end":{"line":4,"column":73}},"line":4},"3":{"name":"(anonymous_3)","decl":{"start":{"line":6,"column":21},"end":{"line":6,"column":22}},"loc":{"start":{"line":6,"column":30},"end":{"line":12,"column":75}},"line":6},"4":{"name":"(anonymous_4)","decl":{"start":{"line":7,"column":7},"end":{"line":7,"column":8}},"loc":{"start":{"line":7,"column":16},"end":{"line":11,"column":3}},"line":7},"5":{"name":"(anonymous_5)","decl":{"start":{"line":12,"column":10},"end":{"line":12,"column":11}},"loc":{"start":{"line":12,"column":25},"end":{"line":12,"column":68}},"line":12},"6":{"name":"(anonymous_6)","decl":{"start":{"line":14,"column":18},"end":{"line":14,"column":19}},"loc":{"start":{"line":14,"column":27},"end":{"line":28,"column":1}},"line":14},"7":{"name":"(anonymous_7)","decl":{"start":{"line":16,"column":16},"end":{"line":16,"column":17}},"loc":{"start":{"line":16,"column":24},"end":{"line":24,"column":3}},"line":16},"8":{"name":"(anonymous_8)","decl":{"start":{"line":27,"column":12},"end":{"line":27,"column":13}},"loc":{"start":{"line":27,"column":29},"end":{"line":27,"column":76}},"line":27},"9":{"name":"(anonymous_9)","decl":{"start":{"line":30,"column":18},"end":{"line":30,"column":19}},"loc":{"start":{"line":30,"column":27},"end":{"line":43,"column":1}},"line":30},"10":{"name":"(anonymous_10)","decl":{"start":{"line":32,"column":16},"end":{"line":32,"column":17}},"loc":{"start":{"line":32,"column":24},"end":{"line":40,"column":3}},"line":32},"11":{"name":"(anonymous_11)","decl":{"start":{"line":42,"column":12},"end":{"line":42,"column":13}},"loc":{"start":{"line":42,"column":29},"end":{"line":42,"column":76}},"line":42}},"branchMap":{"0":{"loc":{"start":{"line":12,"column":25},"end":{"line":12,"column":68}},"type":"cond-expr","locations":[{"start":{"line":12,"column":58},"end":{"line":12,"column":62}},{"start":{"line":12,"column":65},"end":{"line":12,"column":68}}],"line":12},"1":{"loc":{"start":{"line":12,"column":25},"end":{"line":12,"column":55}},"type":"binary-expr","locations":[{"start":{"line":12,"column":25},"end":{"line":12,"column":29}},{"start":{"line":12,"column":33},"end":{"line":12,"column":55}}],"line":12},"2":{"loc":{"start":{"line":17,"column":4},"end":{"line":22,"column":5}},"type":"if","locations":[{"start":{"line":17,"column":4},"end":{"line":22,"column":5}},{"start":{},"end":{}}],"line":17},"3":{"loc":{"start":{"line":27,"column":29},"end":{"line":27,"column":76}},"type":"cond-expr","locations":[{"start":{"line":27,"column":64},"end":{"line":27,"column":70}},{"start":{"line":27,"column":73},"end":{"line":27,"column":76}}],"line":27},"4":{"loc":{"start":{"line":27,"column":29},"end":{"line":27,"column":61}},"type":"binary-expr","locations":[{"start":{"line":27,"column":29},"end":{"line":27,"column":33}},{"start":{"line":27,"column":37},"end":{"line":27,"column":61}}],"line":27},"5":{"loc":{"start":{"line":33,"column":4},"end":{"line":38,"column":5}},"type":"if","locations":[{"start":{"line":33,"column":4},"end":{"line":38,"column":5}},{"start":{},"end":{}}],"line":33},"6":{"loc":{"start":{"line":42,"column":29},"end":{"line":42,"column":76}},"type":"cond-expr","locations":[{"start":{"line":42,"column":64},"end":{"line":42,"column":70}},{"start":{"line":42,"column":73},"end":{"line":42,"column":76}}],"line":42},"7":{"loc":{"start":{"line":42,"column":29},"end":{"line":42,"column":61}},"type":"binary-expr","locations":[{"start":{"line":42,"column":29},"end":{"line":42,"column":33}},{"start":{"line":42,"column":37},"end":{"line":42,"column":61}}],"line":42}},"s":{"0":1,"1":1,"2":1,"3":3,"4":7,"5":1,"6":3,"7":7,"8":7,"9":1,"10":3,"11":3,"12":7,"13":4,"14":7,"15":3,"16":4,"17":1,"18":3,"19":3,"20":7,"21":4,"22":7,"23":3,"24":4,"25":1},"f":{"0":1,"1":3,"2":7,"3":3,"4":7,"5":7,"6":3,"7":7,"8":4,"9":3,"10":7,"11":4},"b":{"0":[3,4],"1":[7,5],"2":[4,3],"3":[4,0],"4":[4,2],"5":[4,3],"6":[3,1],"7":[4,2]},"_coverageSchema":"1a1c01bbd47fc00a2c39e90264f33305004495a9","hash":"720027b0c60d5bb17cb2878a99ee8e8b33fb9d87"}
,"D:\\_STUDY_\\INFORMATICA\\EJEMPLOS\\FullStackOpenCourse\\part4\\bloglist\\src\\utils\\middleware.js": {"path":"D:\\_STUDY_\\INFORMATICA\\EJEMPLOS\\FullStackOpenCourse\\part4\\bloglist\\src\\utils\\middleware.js","statementMap":{"0":{"start":{"line":1,"column":12},"end":{"line":1,"column":35}},"1":{"start":{"line":2,"column":23},"end":{"line":2,"column":43}},"2":{"start":{"line":4,"column":21},"end":{"line":15,"column":1}},"3":{"start":{"line":5,"column":2},"end":{"line":13,"column":3}},"4":{"start":{"line":6,"column":4},"end":{"line":6,"column":51}},"5":{"start":{"line":7,"column":8},"end":{"line":13,"column":3}},"6":{"start":{"line":8,"column":4},"end":{"line":8,"column":51}},"7":{"start":{"line":9,"column":8},"end":{"line":13,"column":3}},"8":{"start":{"line":10,"column":4},"end":{"line":10,"column":53}},"9":{"start":{"line":11,"column":8},"end":{"line":13,"column":3}},"10":{"start":{"line":12,"column":4},"end":{"line":12,"column":53}},"11":{"start":{"line":14,"column":2},"end":{"line":14,"column":13}},"12":{"start":{"line":17,"column":23},"end":{"line":25,"column":1}},"13":{"start":{"line":18,"column":2},"end":{"line":20,"column":3}},"14":{"start":{"line":19,"column":4},"end":{"line":19,"column":68}},"15":{"start":{"line":21,"column":22},"end":{"line":21,"column":51}},"16":{"start":{"line":22,"column":16},"end":{"line":22,"column":40}},"17":{"start":{"line":23,"column":2},"end":{"line":23,"column":24}},"18":{"start":{"line":24,"column":2},"end":{"line":24,"column":9}},"19":{"start":{"line":27,"column":22},"end":{"line":35,"column":1}},"20":{"start":{"line":28,"column":2},"end":{"line":30,"column":3}},"21":{"start":{"line":29,"column":4},"end":{"line":29,"column":68}},"22":{"start":{"line":31,"column":22},"end":{"line":31,"column":51}},"23":{"start":{"line":32,"column":16},"end":{"line":32,"column":40}},"24":{"start":{"line":33,"column":2},"end":{"line":33,"column":46}},"25":{"start":{"line":34,"column":2},"end":{"line":34,"column":9}},"26":{"start":{"line":48,"column":0},"end":{"line":52,"column":1}}},"fnMap":{"0":{"name":"(anonymous_0)","decl":{"start":{"line":4,"column":21},"end":{"line":4,"column":22}},"loc":{"start":{"line":4,"column":49},"end":{"line":15,"column":1}},"line":4},"1":{"name":"(anonymous_1)","decl":{"start":{"line":17,"column":23},"end":{"line":17,"column":24}},"loc":{"start":{"line":17,"column":52},"end":{"line":25,"column":1}},"line":17},"2":{"name":"(anonymous_2)","decl":{"start":{"line":27,"column":22},"end":{"line":27,"column":23}},"loc":{"start":{"line":27,"column":51},"end":{"line":35,"column":1}},"line":27}},"branchMap":{"0":{"loc":{"start":{"line":5,"column":2},"end":{"line":13,"column":3}},"type":"if","locations":[{"start":{"line":5,"column":2},"end":{"line":13,"column":3}},{"start":{"line":7,"column":8},"end":{"line":13,"column":3}}],"line":5},"1":{"loc":{"start":{"line":7,"column":8},"end":{"line":13,"column":3}},"type":"if","locations":[{"start":{"line":7,"column":8},"end":{"line":13,"column":3}},{"start":{"line":9,"column":8},"end":{"line":13,"column":3}}],"line":7},"2":{"loc":{"start":{"line":9,"column":8},"end":{"line":13,"column":3}},"type":"if","locations":[{"start":{"line":9,"column":8},"end":{"line":13,"column":3}},{"start":{"line":11,"column":8},"end":{"line":13,"column":3}}],"line":9},"3":{"loc":{"start":{"line":11,"column":8},"end":{"line":13,"column":3}},"type":"if","locations":[{"start":{"line":11,"column":8},"end":{"line":13,"column":3}},{"start":{},"end":{}}],"line":11},"4":{"loc":{"start":{"line":18,"column":2},"end":{"line":20,"column":3}},"type":"if","locations":[{"start":{"line":18,"column":2},"end":{"line":20,"column":3}},{"start":{},"end":{}}],"line":18},"5":{"loc":{"start":{"line":28,"column":2},"end":{"line":30,"column":3}},"type":"if","locations":[{"start":{"line":28,"column":2},"end":{"line":30,"column":3}},{"start":{},"end":{}}],"line":28}},"s":{"0":2,"1":2,"2":2,"3":6,"4":4,"5":2,"6":1,"7":1,"8":0,"9":1,"10":0,"11":6,"12":2,"13":0,"14":0,"15":0,"16":0,"17":0,"18":0,"19":2,"20":13,"21":1,"22":12,"23":12,"24":12,"25":12,"26":2},"f":{"0":6,"1":0,"2":13},"b":{"0":[4,2],"1":[1,1],"2":[0,1],"3":[0,1],"4":[0,0],"5":[1,12]},"_coverageSchema":"1a1c01bbd47fc00a2c39e90264f33305004495a9","hash":"cc41432e9f60aa89cea4ce2e23efe3e9c4428a1f"}
,"D:\\_STUDY_\\INFORMATICA\\EJEMPLOS\\FullStackOpenCourse\\part4\\bloglist\\tests\\test_helper.js": {"path":"D:\\_STUDY_\\INFORMATICA\\EJEMPLOS\\FullStackOpenCourse\\part4\\bloglist\\tests\\test_helper.js","statementMap":{"0":{"start":{"line":1,"column":14},"end":{"line":38,"column":1}},"1":{"start":{"line":40,"column":0},"end":{"line":42,"column":1}}},"fnMap":{},"branchMap":{},"s":{"0":1,"1":1},"f":{},"b":{},"_coverageSchema":"1a1c01bbd47fc00a2c39e90264f33305004495a9","hash":"d6457c8d4e8624b18c65d982c34672bd108b99a4"}
}
