TN:
SF:src\app.js
FNF:0
FNH:0
DA:1,2
DA:2,2
DA:3,2
DA:4,2
DA:5,2
DA:6,2
DA:7,2
DA:8,2
DA:9,2
DA:10,2
DA:11,2
DA:13,2
DA:15,2
DA:16,2
DA:17,2
DA:18,2
DA:19,2
DA:20,2
DA:22,2
LF:19
LH:19
BRF:0
BRH:0
end_of_record
TN:
SF:src\config.js
FNF:0
FNH:0
DA:1,2
DA:3,2
DA:4,2
DA:5,2
DA:7,2
LF:5
LH:5
BRDA:4,0,0,2
BRDA:4,0,1,0
BRF:2
BRH:1
end_of_record
TN:
SF:src\controllers\blogRoutes.js
FN:6,(anonymous_0)
FN:15,(anonymous_1)
FN:32,(anonymous_2)
FN:47,(anonymous_3)
FNF:4
FNH:3
FNDA:3,(anonymous_0)
FNDA:7,(anonymous_1)
FNDA:5,(anonymous_2)
FNDA:0,(anonymous_3)
DA:1,2
DA:2,2
DA:3,2
DA:4,2
DA:6,2
DA:8,3
DA:11,3
DA:15,2
DA:16,7
DA:18,7
DA:22,7
DA:24,5
DA:29,5
DA:32,2
DA:33,5
DA:34,5
DA:35,4
DA:36,1
DA:38,4
DA:39,0
DA:42,3
DA:43,3
DA:47,2
DA:48,0
DA:49,0
DA:52,2
LF:26
LH:23
BRDA:35,0,0,1
BRDA:35,0,1,3
BRDA:38,1,0,0
BRDA:38,1,1,3
BRDA:38,2,0,4
BRDA:38,2,1,0
BRF:6
BRH:4
end_of_record
TN:
SF:src\controllers\loginRouter.js
FN:9,(anonymous_0)
FNF:1
FNH:0
FNDA:0,(anonymous_0)
DA:1,2
DA:2,2
DA:3,2
DA:4,2
DA:5,2
DA:6,2
DA:9,2
DA:10,0
DA:11,0
DA:12,0
DA:13,0
DA:15,0
DA:16,0
DA:17,0
DA:18,0
DA:21,0
DA:26,0
DA:33,2
LF:18
LH:8
BRDA:12,0,0,0
BRDA:12,0,1,0
BRDA:17,1,0,0
BRDA:17,1,1,0
BRF:4
BRH:0
end_of_record
TN:
SF:src\controllers\userRoutes.js
FN:5,(anonymous_0)
FN:14,(anonymous_1)
FNF:2
FNH:1
FNDA:0,(anonymous_0)
FNDA:4,(anonymous_1)
DA:1,2
DA:2,2
DA:3,2
DA:5,2
DA:6,0
DA:11,0
DA:14,2
DA:15,4
DA:16,4
DA:17,0
DA:19,4
DA:20,0
DA:22,4
DA:27,1
DA:30,3
DA:31,3
DA:34,3
DA:35,1
DA:38,2
LF:19
LH:15
BRDA:16,0,0,0
BRDA:16,0,1,4
BRDA:19,1,0,0
BRDA:19,1,1,4
BRDA:22,2,0,1
BRDA:22,2,1,3
BRDA:22,3,0,4
BRDA:22,3,1,4
BRF:8
BRH:6
end_of_record
TN:
SF:src\models\blogModel.js
FN:23,(anonymous_0)
FNF:1
FNH:1
FNDA:23,(anonymous_0)
DA:1,2
DA:3,2
DA:24,23
DA:25,23
DA:33,2
DA:35,2
LF:6
LH:6
BRF:0
BRH:0
end_of_record
TN:
SF:src\models\userModel.js
FN:26,(anonymous_0)
FNF:1
FNH:1
FNDA:1,(anonymous_0)
DA:1,2
DA:2,2
DA:4,2
DA:27,1
DA:28,1
DA:36,2
DA:38,2
DA:39,2
LF:8
LH:8
BRF:0
BRH:0
end_of_record
TN:
SF:src\utils\list_helper.js
FN:2,(anonymous_0)
FN:4,(anonymous_1)
FN:4,(anonymous_2)
FN:6,(anonymous_3)
FN:7,(anonymous_4)
FN:12,(anonymous_5)
FN:14,(anonymous_6)
FN:16,(anonymous_7)
FN:27,(anonymous_8)
FN:30,(anonymous_9)
FN:32,(anonymous_10)
FN:42,(anonymous_11)
FNF:12
FNH:12
FNDA:1,(anonymous_0)
FNDA:3,(anonymous_1)
FNDA:7,(anonymous_2)
FNDA:3,(anonymous_3)
FNDA:7,(anonymous_4)
FNDA:7,(anonymous_5)
FNDA:3,(anonymous_6)
FNDA:7,(anonymous_7)
FNDA:4,(anonymous_8)
FNDA:3,(anonymous_9)
FNDA:7,(anonymous_10)
FNDA:4,(anonymous_11)
DA:2,1
DA:4,7
DA:6,3
DA:7,7
DA:12,7
DA:14,1
DA:15,3
DA:16,3
DA:17,7
DA:18,4
DA:23,7
DA:26,3
DA:27,4
DA:30,1
DA:31,3
DA:32,3
DA:33,7
DA:34,4
DA:39,7
DA:41,3
DA:42,4
DA:45,1
LF:22
LH:22
BRDA:12,0,0,3
BRDA:12,0,1,4
BRDA:12,1,0,7
BRDA:12,1,1,5
BRDA:17,2,0,4
BRDA:17,2,1,3
BRDA:27,3,0,4
BRDA:27,3,1,0
BRDA:27,4,0,4
BRDA:27,4,1,2
BRDA:33,5,0,4
BRDA:33,5,1,3
BRDA:42,6,0,3
BRDA:42,6,1,1
BRDA:42,7,0,4
BRDA:42,7,1,2
BRF:16
BRH:15
end_of_record
TN:
SF:src\utils\middleware.js
FN:4,(anonymous_0)
FN:17,(anonymous_1)
FN:27,(anonymous_2)
FNF:3
FNH:2
FNDA:6,(anonymous_0)
FNDA:0,(anonymous_1)
FNDA:13,(anonymous_2)
DA:1,2
DA:2,2
DA:4,2
DA:5,6
DA:6,4
DA:7,2
DA:8,1
DA:9,1
DA:10,0
DA:11,1
DA:12,0
DA:14,6
DA:17,2
DA:18,0
DA:19,0
DA:21,0
DA:22,0
DA:23,0
DA:24,0
DA:27,2
DA:28,13
DA:29,1
DA:31,12
DA:32,12
DA:33,12
DA:34,12
DA:48,2
LF:27
LH:19
BRDA:5,0,0,4
BRDA:5,0,1,2
BRDA:7,1,0,1
BRDA:7,1,1,1
BRDA:9,2,0,0
BRDA:9,2,1,1
BRDA:11,3,0,0
BRDA:11,3,1,1
BRDA:18,4,0,0
BRDA:18,4,1,0
BRDA:28,5,0,1
BRDA:28,5,1,12
BRF:12
BRH:8
end_of_record
TN:
SF:tests\test_helper.js
FNF:0
FNH:0
DA:1,1
DA:40,1
LF:2
LH:2
BRF:0
BRH:0
end_of_record
